build/app/intermediates/manifest_merge_blame_file/release/manifest-merger-blame-release-report.txt
1<?xml version="1.0" encoding="utf-8"?>
2<manifest xmlns:android="http://schemas.android.com/apk/res/android"
3    package="com.hafeezullah.gogobook.gogobook"
4    android:versionCode="1"
5    android:versionName="1.0.0" >
6
7    <uses-sdk
8        android:minSdkVersion="22"
8-->src/main/AndroidManifest.xml
9        android:targetSdkVersion="33" />
9-->src/main/AndroidManifest.xml
10
11    <uses-permission android:name="android.permission.INTERNET" />
11-->src/main/AndroidManifest.xml:3:5-67
11-->src/main/AndroidManifest.xml:3:22-64
12    <uses-permission android:name="android.permission.ACCESS_NETWORK_STATE" />
12-->src/main/AndroidManifest.xml:4:5-79
12-->src/main/AndroidManifest.xml:4:22-76
13    <uses-permission android:name="android.permission.ACCESS_WIFI_STATE" />
13-->src/main/AndroidManifest.xml:5:5-76
13-->src/main/AndroidManifest.xml:5:22-73
14    <uses-permission android:name="android.permission.CAMERA" />
14-->[:flutter_barcode_scanner] AndroidManifest.xml:9:5-65
14-->[:flutter_barcode_scanner] AndroidManifest.xml:9:22-62
15
16    <uses-feature android:name="android.hardware.camera" />
16-->[:flutter_barcode_scanner] AndroidManifest.xml:11:5-60
16-->[:flutter_barcode_scanner] AndroidManifest.xml:11:19-57
17
18    <uses-permission android:name="android.permission.FLASHLIGHT" />
18-->[:flutter_barcode_scanner] AndroidManifest.xml:13:5-69
18-->[:flutter_barcode_scanner] AndroidManifest.xml:13:22-66
19    <uses-permission android:name="android.permission.RECORD_AUDIO" />
19-->[:camera_android] AndroidManifest.xml:10:5-71
19-->[:camera_android] AndroidManifest.xml:10:22-68
20    <uses-permission android:name="android.permission.WAKE_LOCK" />
20-->[com.google.android.gms:play-services-measurement-api:21.3.0] AndroidManifest.xml:24:5-68
20-->[com.google.android.gms:play-services-measurement-api:21.3.0] AndroidManifest.xml:24:22-65
21    <uses-permission android:name="com.google.android.gms.permission.AD_ID" /> <!-- Android package visibility setting -->
21-->[com.google.android.gms:play-services-measurement-api:21.3.0] AndroidManifest.xml:25:5-79
21-->[com.google.android.gms:play-services-measurement-api:21.3.0] AndroidManifest.xml:25:22-76
22    <queries>
22-->[com.google.android.gms:play-services-ads-lite:22.0.0] AndroidManifest.xml:32:5-48:15
23
24        <!-- For browser content -->
25        <intent>
25-->[com.google.android.gms:play-services-ads-lite:22.0.0] AndroidManifest.xml:35:9-41:18
26            <action android:name="android.intent.action.VIEW" />
26-->[com.google.firebase:firebase-auth:22.1.1] AndroidManifest.xml:36:17-69
26-->[com.google.firebase:firebase-auth:22.1.1] AndroidManifest.xml:36:25-66
27
28            <category android:name="android.intent.category.BROWSABLE" />
28-->[com.google.firebase:firebase-auth:22.1.1] AndroidManifest.xml:39:17-78
28-->[com.google.firebase:firebase-auth:22.1.1] AndroidManifest.xml:39:27-75
29
30            <data android:scheme="https" />
30-->[com.google.firebase:firebase-auth:22.1.1] AndroidManifest.xml:41:17-44:51
30-->[com.google.firebase:firebase-auth:22.1.1] AndroidManifest.xml:44:21-48
31        </intent>
32        <!-- End of browser content -->
33        <!-- For CustomTabsService -->
34        <intent>
34-->[com.google.android.gms:play-services-ads-lite:22.0.0] AndroidManifest.xml:44:9-46:18
35            <action android:name="android.support.customtabs.action.CustomTabsService" />
35-->[com.google.android.gms:play-services-ads-lite:22.0.0] AndroidManifest.xml:45:13-90
35-->[com.google.android.gms:play-services-ads-lite:22.0.0] AndroidManifest.xml:45:21-87
36        </intent>
37        <!-- End of CustomTabsService -->
38    </queries>
39
40    <uses-permission android:name="com.google.android.finsky.permission.BIND_GET_INSTALL_REFERRER_SERVICE" />
40-->[com.google.android.gms:play-services-measurement:21.3.0] AndroidManifest.xml:26:5-110
40-->[com.google.android.gms:play-services-measurement:21.3.0] AndroidManifest.xml:26:22-107
41    <uses-permission android:name="android.permission.FOREGROUND_SERVICE" />
41-->[androidx.work:work-runtime:2.7.0] AndroidManifest.xml:28:5-77
41-->[androidx.work:work-runtime:2.7.0] AndroidManifest.xml:28:22-74
42
43    <permission
43-->[androidx.core:core:1.10.1] AndroidManifest.xml:22:5-24:47
44        android:name="com.hafeezullah.gogobook.gogobook.DYNAMIC_RECEIVER_NOT_EXPORTED_PERMISSION"
44-->[androidx.core:core:1.10.1] AndroidManifest.xml:23:9-81
45        android:protectionLevel="signature" />
45-->[androidx.core:core:1.10.1] AndroidManifest.xml:24:9-44
46
47    <uses-permission android:name="com.hafeezullah.gogobook.gogobook.DYNAMIC_RECEIVER_NOT_EXPORTED_PERMISSION" />
47-->[androidx.core:core:1.10.1] AndroidManifest.xml:26:5-97
47-->[androidx.core:core:1.10.1] AndroidManifest.xml:26:22-94
48
49    <application
50        android:name="android.app.Application"
50-->src/main/AndroidManifest.xml:9:9-42
51        android:appComponentFactory="androidx.core.app.CoreComponentFactory"
51-->[androidx.core:core:1.10.1] AndroidManifest.xml:28:18-86
52        android:icon="@mipmap/gogobook"
52-->src/main/AndroidManifest.xml:10:9-40
53        android:label="GoGoBook"
53-->src/main/AndroidManifest.xml:8:9-33
54        android:largeHeap="true"
54-->[:flutter_barcode_scanner] AndroidManifest.xml:16:9-33
55        android:theme="@style/Theme.AppCompat.NoActionBar" >
55-->[:flutter_barcode_scanner] AndroidManifest.xml:17:9-59
56        <activity
56-->src/main/AndroidManifest.xml:11:9-31:20
57            android:name="com.hafeezullah.gogobook.gogobook.MainActivity"
57-->src/main/AndroidManifest.xml:12:13-41
58            android:configChanges="orientation|keyboardHidden|keyboard|screenSize|smallestScreenSize|locale|layoutDirection|fontScale|screenLayout|density|uiMode"
58-->src/main/AndroidManifest.xml:16:13-163
59            android:exported="true"
59-->src/main/AndroidManifest.xml:13:13-36
60            android:hardwareAccelerated="true"
60-->src/main/AndroidManifest.xml:17:13-47
61            android:launchMode="singleTop"
61-->src/main/AndroidManifest.xml:14:13-43
62            android:theme="@style/LaunchTheme"
62-->src/main/AndroidManifest.xml:15:13-47
63            android:windowSoftInputMode="adjustResize" >
63-->src/main/AndroidManifest.xml:18:13-55
64
65            <!--
66                 Specifies an Android theme to apply to this Activity as soon as
67                 the Android process has started. This theme is visible to the user
68                 while the Flutter UI initializes. After that, this theme continues
69                 to determine the Window background behind the Flutter UI.
70            -->
71            <meta-data
71-->src/main/AndroidManifest.xml:23:13-26:17
72                android:name="io.flutter.embedding.android.NormalTheme"
72-->src/main/AndroidManifest.xml:24:15-70
73                android:resource="@style/NormalTheme" />
73-->src/main/AndroidManifest.xml:25:15-52
74
75            <intent-filter>
75-->src/main/AndroidManifest.xml:27:13-30:29
76                <action android:name="android.intent.action.MAIN" />
76-->src/main/AndroidManifest.xml:28:17-68
76-->src/main/AndroidManifest.xml:28:25-66
77
78                <category android:name="android.intent.category.LAUNCHER" />
78-->src/main/AndroidManifest.xml:29:17-76
78-->src/main/AndroidManifest.xml:29:27-74
79            </intent-filter>
80        </activity>
81        <!--
82             Don't delete the meta-data below.
83             This is used by the Flutter tool to generate GeneratedPluginRegistrant.java
84        -->
85        <meta-data
85-->src/main/AndroidManifest.xml:34:9-36:33
86            android:name="flutterEmbedding"
86-->src/main/AndroidManifest.xml:35:13-44
87            android:value="2" />
87-->src/main/AndroidManifest.xml:36:13-30
88        <meta-data
88-->src/main/AndroidManifest.xml:37:9-39:68
89            android:name="com.google.android.gms.ads.APPLICATION_ID"
89-->src/main/AndroidManifest.xml:38:12-68
90            android:value="ca-app-pub-7845131645897317~1328801338" />
90-->src/main/AndroidManifest.xml:39:12-66
91
92        <service
92-->[:cloud_firestore] AndroidManifest.xml:10:9-14:19
93            android:name="com.google.firebase.components.ComponentDiscoveryService"
93-->[:cloud_firestore] AndroidManifest.xml:10:18-89
94            android:directBootAware="true"
94-->[com.google.firebase:firebase-common:20.3.3] AndroidManifest.xml:34:13-43
95            android:exported="false" >
95-->[com.google.firebase:firebase-analytics-ktx:21.3.0] AndroidManifest.xml:10:13-37
96            <meta-data
96-->[:cloud_firestore] AndroidManifest.xml:11:13-13:85
97                android:name="com.google.firebase.components:io.flutter.plugins.firebase.firestore.FlutterFirebaseFirestoreRegistrar"
97-->[:cloud_firestore] AndroidManifest.xml:12:17-134
98                android:value="com.google.firebase.components.ComponentRegistrar" />
98-->[:cloud_firestore] AndroidManifest.xml:13:17-82
99            <meta-data
99-->[:firebase_auth] AndroidManifest.xml:11:13-13:85
100                android:name="com.google.firebase.components:io.flutter.plugins.firebase.auth.FlutterFirebaseAuthRegistrar"
100-->[:firebase_auth] AndroidManifest.xml:12:17-124
101                android:value="com.google.firebase.components.ComponentRegistrar" />
101-->[:firebase_auth] AndroidManifest.xml:13:17-82
102            <meta-data
102-->[:firebase_core] AndroidManifest.xml:11:13-13:85
103                android:name="com.google.firebase.components:io.flutter.plugins.firebase.core.FlutterFirebaseCoreRegistrar"
103-->[:firebase_core] AndroidManifest.xml:12:17-124
104                android:value="com.google.firebase.components.ComponentRegistrar" />
104-->[:firebase_core] AndroidManifest.xml:13:17-82
105            <meta-data
105-->[com.google.firebase:firebase-analytics-ktx:21.3.0] AndroidManifest.xml:11:13-13:85
106                android:name="com.google.firebase.components:com.google.firebase.analytics.ktx.FirebaseAnalyticsKtxRegistrar"
106-->[com.google.firebase:firebase-analytics-ktx:21.3.0] AndroidManifest.xml:12:17-126
107                android:value="com.google.firebase.components.ComponentRegistrar" />
107-->[com.google.firebase:firebase-analytics-ktx:21.3.0] AndroidManifest.xml:13:17-82
108            <meta-data
108-->[com.google.firebase:firebase-auth:22.1.1] AndroidManifest.xml:69:13-71:85
109                android:name="com.google.firebase.components:com.google.firebase.auth.FirebaseAuthRegistrar"
109-->[com.google.firebase:firebase-auth:22.1.1] AndroidManifest.xml:70:17-109
110                android:value="com.google.firebase.components.ComponentRegistrar" />
110-->[com.google.firebase:firebase-auth:22.1.1] AndroidManifest.xml:71:17-82
111            <meta-data
111-->[com.google.firebase:firebase-common-ktx:20.3.3] AndroidManifest.xml:14:13-16:85
112                android:name="com.google.firebase.components:com.google.firebase.ktx.FirebaseCommonKtxRegistrar"
112-->[com.google.firebase:firebase-common-ktx:20.3.3] AndroidManifest.xml:15:17-113
113                android:value="com.google.firebase.components.ComponentRegistrar" />
113-->[com.google.firebase:firebase-common-ktx:20.3.3] AndroidManifest.xml:16:17-82
114            <meta-data
114-->[com.google.firebase:firebase-firestore:24.7.0] AndroidManifest.xml:19:13-21:85
115                android:name="com.google.firebase.components:com.google.firebase.firestore.FirestoreRegistrar"
115-->[com.google.firebase:firebase-firestore:24.7.0] AndroidManifest.xml:20:17-111
116                android:value="com.google.firebase.components.ComponentRegistrar" />
116-->[com.google.firebase:firebase-firestore:24.7.0] AndroidManifest.xml:21:17-82
117            <meta-data
117-->[com.google.android.gms:play-services-measurement-api:21.3.0] AndroidManifest.xml:31:13-33:85
118                android:name="com.google.firebase.components:com.google.firebase.analytics.connector.internal.AnalyticsConnectorRegistrar"
118-->[com.google.android.gms:play-services-measurement-api:21.3.0] AndroidManifest.xml:32:17-139
119                android:value="com.google.firebase.components.ComponentRegistrar" />
119-->[com.google.android.gms:play-services-measurement-api:21.3.0] AndroidManifest.xml:33:17-82
120            <meta-data
120-->[com.google.firebase:firebase-installations:17.1.4] AndroidManifest.xml:15:13-17:85
121                android:name="com.google.firebase.components:com.google.firebase.installations.FirebaseInstallationsRegistrar"
121-->[com.google.firebase:firebase-installations:17.1.4] AndroidManifest.xml:16:17-127
122                android:value="com.google.firebase.components.ComponentRegistrar" />
122-->[com.google.firebase:firebase-installations:17.1.4] AndroidManifest.xml:17:17-82
123        </service>
124
125        <activity android:name="com.amolg.flutterbarcodescanner.BarcodeCaptureActivity" />
125-->[:flutter_barcode_scanner] AndroidManifest.xml:18:9-91
125-->[:flutter_barcode_scanner] AndroidManifest.xml:18:19-88
126
127        <provider
127-->[:image_picker_android] AndroidManifest.xml:10:9-18:20
128            android:name="io.flutter.plugins.imagepicker.ImagePickerFileProvider"
128-->[:image_picker_android] AndroidManifest.xml:11:13-82
129            android:authorities="com.hafeezullah.gogobook.gogobook.flutter.image_provider"
129-->[:image_picker_android] AndroidManifest.xml:12:13-74
130            android:exported="false"
130-->[:image_picker_android] AndroidManifest.xml:13:13-37
131            android:grantUriPermissions="true" >
131-->[:image_picker_android] AndroidManifest.xml:14:13-47
132            <meta-data
132-->[:image_picker_android] AndroidManifest.xml:15:13-17:75
133                android:name="android.support.FILE_PROVIDER_PATHS"
133-->[:image_picker_android] AndroidManifest.xml:16:17-67
134                android:resource="@xml/flutter_image_picker_file_paths" />
134-->[:image_picker_android] AndroidManifest.xml:17:17-72
135        </provider>
136
137        <activity
137-->[:url_launcher_android] AndroidManifest.xml:10:9-13:74
138            android:name="io.flutter.plugins.urllauncher.WebViewActivity"
138-->[:url_launcher_android] AndroidManifest.xml:11:13-74
139            android:exported="false"
139-->[:url_launcher_android] AndroidManifest.xml:12:13-37
140            android:theme="@android:style/Theme.NoTitleBar.Fullscreen" />
140-->[:url_launcher_android] AndroidManifest.xml:13:13-71
141
142        <meta-data
142-->[:google_mobile_ads] AndroidManifest.xml:12:9-14:36
143            android:name="io.flutter.embedded_views_preview"
143-->[:google_mobile_ads] AndroidManifest.xml:13:13-61
144            android:value="true" />
144-->[:google_mobile_ads] AndroidManifest.xml:14:13-33
145
146        <provider
146-->[:share] AndroidManifest.xml:10:9-18:20
147            android:name="io.flutter.plugins.share.ShareFileProvider"
147-->[:share] AndroidManifest.xml:11:13-70
148            android:authorities="com.hafeezullah.gogobook.gogobook.flutter.share_provider"
148-->[:share] AndroidManifest.xml:12:13-74
149            android:exported="false"
149-->[:share] AndroidManifest.xml:13:13-37
150            android:grantUriPermissions="true" >
150-->[:share] AndroidManifest.xml:14:13-47
151            <meta-data
151-->[:image_picker_android] AndroidManifest.xml:15:13-17:75
152                android:name="android.support.FILE_PROVIDER_PATHS"
152-->[:image_picker_android] AndroidManifest.xml:16:17-67
153                android:resource="@xml/flutter_share_file_paths" />
153-->[:image_picker_android] AndroidManifest.xml:17:17-72
154        </provider>
155
156        <activity
156-->[com.google.firebase:firebase-auth:22.1.1] AndroidManifest.xml:29:9-46:20
157            android:name="com.google.firebase.auth.internal.GenericIdpActivity"
157-->[com.google.firebase:firebase-auth:22.1.1] AndroidManifest.xml:30:13-80
158            android:excludeFromRecents="true"
158-->[com.google.firebase:firebase-auth:22.1.1] AndroidManifest.xml:31:13-46
159            android:exported="true"
159-->[com.google.firebase:firebase-auth:22.1.1] AndroidManifest.xml:32:13-36
160            android:launchMode="singleTask"
160-->[com.google.firebase:firebase-auth:22.1.1] AndroidManifest.xml:33:13-44
161            android:theme="@android:style/Theme.Translucent.NoTitleBar" >
161-->[com.google.firebase:firebase-auth:22.1.1] AndroidManifest.xml:34:13-72
162            <intent-filter>
162-->[com.google.firebase:firebase-auth:22.1.1] AndroidManifest.xml:35:13-45:29
163                <action android:name="android.intent.action.VIEW" />
163-->[com.google.firebase:firebase-auth:22.1.1] AndroidManifest.xml:36:17-69
163-->[com.google.firebase:firebase-auth:22.1.1] AndroidManifest.xml:36:25-66
164
165                <category android:name="android.intent.category.DEFAULT" />
165-->[com.google.firebase:firebase-auth:22.1.1] AndroidManifest.xml:38:17-76
165-->[com.google.firebase:firebase-auth:22.1.1] AndroidManifest.xml:38:27-73
166                <category android:name="android.intent.category.BROWSABLE" />
166-->[com.google.firebase:firebase-auth:22.1.1] AndroidManifest.xml:39:17-78
166-->[com.google.firebase:firebase-auth:22.1.1] AndroidManifest.xml:39:27-75
167
168                <data
168-->[com.google.firebase:firebase-auth:22.1.1] AndroidManifest.xml:41:17-44:51
169                    android:host="firebase.auth"
169-->[com.google.firebase:firebase-auth:22.1.1] AndroidManifest.xml:42:21-49
170                    android:path="/"
170-->[com.google.firebase:firebase-auth:22.1.1] AndroidManifest.xml:43:21-37
171                    android:scheme="genericidp" />
171-->[com.google.firebase:firebase-auth:22.1.1] AndroidManifest.xml:44:21-48
172            </intent-filter>
173        </activity>
174        <activity
174-->[com.google.firebase:firebase-auth:22.1.1] AndroidManifest.xml:47:9-64:20
175            android:name="com.google.firebase.auth.internal.RecaptchaActivity"
175-->[com.google.firebase:firebase-auth:22.1.1] AndroidManifest.xml:48:13-79
176            android:excludeFromRecents="true"
176-->[com.google.firebase:firebase-auth:22.1.1] AndroidManifest.xml:49:13-46
177            android:exported="true"
177-->[com.google.firebase:firebase-auth:22.1.1] AndroidManifest.xml:50:13-36
178            android:launchMode="singleTask"
178-->[com.google.firebase:firebase-auth:22.1.1] AndroidManifest.xml:51:13-44
179            android:theme="@android:style/Theme.Translucent.NoTitleBar" >
179-->[com.google.firebase:firebase-auth:22.1.1] AndroidManifest.xml:52:13-72
180            <intent-filter>
180-->[com.google.firebase:firebase-auth:22.1.1] AndroidManifest.xml:53:13-63:29
181                <action android:name="android.intent.action.VIEW" />
181-->[com.google.firebase:firebase-auth:22.1.1] AndroidManifest.xml:36:17-69
181-->[com.google.firebase:firebase-auth:22.1.1] AndroidManifest.xml:36:25-66
182
183                <category android:name="android.intent.category.DEFAULT" />
183-->[com.google.firebase:firebase-auth:22.1.1] AndroidManifest.xml:38:17-76
183-->[com.google.firebase:firebase-auth:22.1.1] AndroidManifest.xml:38:27-73
184                <category android:name="android.intent.category.BROWSABLE" />
184-->[com.google.firebase:firebase-auth:22.1.1] AndroidManifest.xml:39:17-78
184-->[com.google.firebase:firebase-auth:22.1.1] AndroidManifest.xml:39:27-75
185
186                <data
186-->[com.google.firebase:firebase-auth:22.1.1] AndroidManifest.xml:41:17-44:51
187                    android:host="firebase.auth"
187-->[com.google.firebase:firebase-auth:22.1.1] AndroidManifest.xml:42:21-49
188                    android:path="/"
188-->[com.google.firebase:firebase-auth:22.1.1] AndroidManifest.xml:43:21-37
189                    android:scheme="recaptcha" />
189-->[com.google.firebase:firebase-auth:22.1.1] AndroidManifest.xml:44:21-48
190            </intent-filter>
191        </activity>
192        <activity
192-->[com.google.android.gms:play-services-auth:20.5.0] AndroidManifest.xml:23:9-27:75
193            android:name="com.google.android.gms.auth.api.signin.internal.SignInHubActivity"
193-->[com.google.android.gms:play-services-auth:20.5.0] AndroidManifest.xml:24:13-93
194            android:excludeFromRecents="true"
194-->[com.google.android.gms:play-services-auth:20.5.0] AndroidManifest.xml:25:13-46
195            android:exported="false"
195-->[com.google.android.gms:play-services-auth:20.5.0] AndroidManifest.xml:26:13-37
196            android:theme="@android:style/Theme.Translucent.NoTitleBar" />
196-->[com.google.android.gms:play-services-auth:20.5.0] AndroidManifest.xml:27:13-72
197        <!--
198            Service handling Google Sign-In user revocation. For apps that do not integrate with
199            Google Sign-In, this service will never be started.
200        -->
201        <service
201-->[com.google.android.gms:play-services-auth:20.5.0] AndroidManifest.xml:33:9-37:51
202            android:name="com.google.android.gms.auth.api.signin.RevocationBoundService"
202-->[com.google.android.gms:play-services-auth:20.5.0] AndroidManifest.xml:34:13-89
203            android:exported="true"
203-->[com.google.android.gms:play-services-auth:20.5.0] AndroidManifest.xml:35:13-36
204            android:permission="com.google.android.gms.auth.api.signin.permission.REVOCATION_NOTIFICATION"
204-->[com.google.android.gms:play-services-auth:20.5.0] AndroidManifest.xml:36:13-107
205            android:visibleToInstantApps="true" />
205-->[com.google.android.gms:play-services-auth:20.5.0] AndroidManifest.xml:37:13-48
206
207        <activity
207-->[com.google.android.gms:play-services-base:18.1.0] AndroidManifest.xml:20:9-22:45
208            android:name="com.google.android.gms.common.api.GoogleApiActivity"
208-->[com.google.android.gms:play-services-base:18.1.0] AndroidManifest.xml:20:19-85
209            android:exported="false"
209-->[com.google.android.gms:play-services-base:18.1.0] AndroidManifest.xml:22:19-43
210            android:theme="@android:style/Theme.Translucent.NoTitleBar" />
210-->[com.google.android.gms:play-services-base:18.1.0] AndroidManifest.xml:21:19-78
211
212        <provider
212-->[com.google.firebase:firebase-common:20.3.3] AndroidManifest.xml:25:9-30:39
213            android:name="com.google.firebase.provider.FirebaseInitProvider"
213-->[com.google.firebase:firebase-common:20.3.3] AndroidManifest.xml:26:13-77
214            android:authorities="com.hafeezullah.gogobook.gogobook.firebaseinitprovider"
214-->[com.google.firebase:firebase-common:20.3.3] AndroidManifest.xml:27:13-72
215            android:directBootAware="true"
215-->[com.google.firebase:firebase-common:20.3.3] AndroidManifest.xml:28:13-43
216            android:exported="false"
216-->[com.google.firebase:firebase-common:20.3.3] AndroidManifest.xml:29:13-37
217            android:initOrder="100" /> <!-- Include the AdActivity and InAppPurchaseActivity configChanges and themes. -->
217-->[com.google.firebase:firebase-common:20.3.3] AndroidManifest.xml:30:13-36
218        <activity
218-->[com.google.android.gms:play-services-ads-lite:22.0.0] AndroidManifest.xml:53:9-58:43
219            android:name="com.google.android.gms.ads.AdActivity"
219-->[com.google.android.gms:play-services-ads-lite:22.0.0] AndroidManifest.xml:54:13-65
220            android:configChanges="keyboard|keyboardHidden|orientation|screenLayout|uiMode|screenSize|smallestScreenSize"
220-->[com.google.android.gms:play-services-ads-lite:22.0.0] AndroidManifest.xml:55:13-122
221            android:exported="false"
221-->[com.google.android.gms:play-services-ads-lite:22.0.0] AndroidManifest.xml:56:13-37
222            android:theme="@android:style/Theme.Translucent" />
222-->[com.google.android.gms:play-services-ads-lite:22.0.0] AndroidManifest.xml:57:13-61
223
224        <provider
224-->[com.google.android.gms:play-services-ads-lite:22.0.0] AndroidManifest.xml:60:9-65:43
225            android:name="com.google.android.gms.ads.MobileAdsInitProvider"
225-->[com.google.android.gms:play-services-ads-lite:22.0.0] AndroidManifest.xml:61:13-76
226            android:authorities="com.hafeezullah.gogobook.gogobook.mobileadsinitprovider"
226-->[com.google.android.gms:play-services-ads-lite:22.0.0] AndroidManifest.xml:62:13-73
227            android:exported="false"
227-->[com.google.android.gms:play-services-ads-lite:22.0.0] AndroidManifest.xml:63:13-37
228            android:initOrder="100" />
228-->[com.google.android.gms:play-services-ads-lite:22.0.0] AndroidManifest.xml:64:13-36
229
230        <service
230-->[com.google.android.gms:play-services-ads-lite:22.0.0] AndroidManifest.xml:67:9-71:43
231            android:name="com.google.android.gms.ads.AdService"
231-->[com.google.android.gms:play-services-ads-lite:22.0.0] AndroidManifest.xml:68:13-64
232            android:enabled="true"
232-->[com.google.android.gms:play-services-ads-lite:22.0.0] AndroidManifest.xml:69:13-35
233            android:exported="false" />
233-->[com.google.android.gms:play-services-ads-lite:22.0.0] AndroidManifest.xml:70:13-37
234
235        <activity
235-->[com.google.android.gms:play-services-ads-lite:22.0.0] AndroidManifest.xml:73:9-77:43
236            android:name="com.google.android.gms.ads.OutOfContextTestingActivity"
236-->[com.google.android.gms:play-services-ads-lite:22.0.0] AndroidManifest.xml:74:13-82
237            android:configChanges="keyboard|keyboardHidden|orientation|screenLayout|uiMode|screenSize|smallestScreenSize"
237-->[com.google.android.gms:play-services-ads-lite:22.0.0] AndroidManifest.xml:75:13-122
238            android:exported="false" />
238-->[com.google.android.gms:play-services-ads-lite:22.0.0] AndroidManifest.xml:76:13-37
239
240        <receiver
240-->[com.google.android.gms:play-services-measurement:21.3.0] AndroidManifest.xml:29:9-33:20
241            android:name="com.google.android.gms.measurement.AppMeasurementReceiver"
241-->[com.google.android.gms:play-services-measurement:21.3.0] AndroidManifest.xml:30:13-85
242            android:enabled="true"
242-->[com.google.android.gms:play-services-measurement:21.3.0] AndroidManifest.xml:31:13-35
243            android:exported="false" >
243-->[com.google.android.gms:play-services-measurement:21.3.0] AndroidManifest.xml:32:13-37
244        </receiver>
245
246        <service
246-->[com.google.android.gms:play-services-measurement:21.3.0] AndroidManifest.xml:35:9-38:40
247            android:name="com.google.android.gms.measurement.AppMeasurementService"
247-->[com.google.android.gms:play-services-measurement:21.3.0] AndroidManifest.xml:36:13-84
248            android:enabled="true"
248-->[com.google.android.gms:play-services-measurement:21.3.0] AndroidManifest.xml:37:13-35
249            android:exported="false" />
249-->[com.google.android.gms:play-services-measurement:21.3.0] AndroidManifest.xml:38:13-37
250        <service
250-->[com.google.android.gms:play-services-measurement:21.3.0] AndroidManifest.xml:39:9-43:72
251            android:name="com.google.android.gms.measurement.AppMeasurementJobService"
251-->[com.google.android.gms:play-services-measurement:21.3.0] AndroidManifest.xml:40:13-87
252            android:enabled="true"
252-->[com.google.android.gms:play-services-measurement:21.3.0] AndroidManifest.xml:41:13-35
253            android:exported="false"
253-->[com.google.android.gms:play-services-measurement:21.3.0] AndroidManifest.xml:42:13-37
254            android:permission="android.permission.BIND_JOB_SERVICE" />
254-->[com.google.android.gms:play-services-measurement:21.3.0] AndroidManifest.xml:43:13-69
255
256        <meta-data
256-->[com.google.android.gms:play-services-basement:18.2.0] AndroidManifest.xml:21:9-23:69
257            android:name="com.google.android.gms.version"
257-->[com.google.android.gms:play-services-basement:18.2.0] AndroidManifest.xml:22:13-58
258            android:value="@integer/google_play_services_version" />
258-->[com.google.android.gms:play-services-basement:18.2.0] AndroidManifest.xml:23:13-66
259
260        <uses-library
260-->[androidx.window:window:1.0.0-beta04] AndroidManifest.xml:25:9-27:40
261            android:name="androidx.window.extensions"
261-->[androidx.window:window:1.0.0-beta04] AndroidManifest.xml:26:13-54
262            android:required="false" />
262-->[androidx.window:window:1.0.0-beta04] AndroidManifest.xml:27:13-37
263        <uses-library
263-->[androidx.window:window:1.0.0-beta04] AndroidManifest.xml:28:9-30:40
264            android:name="androidx.window.sidecar"
264-->[androidx.window:window:1.0.0-beta04] AndroidManifest.xml:29:13-51
265            android:required="false" />
265-->[androidx.window:window:1.0.0-beta04] AndroidManifest.xml:30:13-37
266
267        <provider
267-->[androidx.work:work-runtime:2.7.0] AndroidManifest.xml:31:9-39:20
268            android:name="androidx.startup.InitializationProvider"
268-->[androidx.work:work-runtime:2.7.0] AndroidManifest.xml:32:13-67
269            android:authorities="com.hafeezullah.gogobook.gogobook.androidx-startup"
269-->[androidx.work:work-runtime:2.7.0] AndroidManifest.xml:33:13-68
270            android:exported="false" >
270-->[androidx.work:work-runtime:2.7.0] AndroidManifest.xml:34:13-37
271            <meta-data
271-->[androidx.work:work-runtime:2.7.0] AndroidManifest.xml:36:13-38:52
272                android:name="androidx.work.WorkManagerInitializer"
272-->[androidx.work:work-runtime:2.7.0] AndroidManifest.xml:37:17-68
273                android:value="androidx.startup" />
273-->[androidx.work:work-runtime:2.7.0] AndroidManifest.xml:38:17-49
274            <meta-data
274-->[androidx.lifecycle:lifecycle-process:2.6.1] AndroidManifest.xml:29:13-31:52
275                android:name="androidx.lifecycle.ProcessLifecycleInitializer"
275-->[androidx.lifecycle:lifecycle-process:2.6.1] AndroidManifest.xml:30:17-78
276                android:value="androidx.startup" />
276-->[androidx.lifecycle:lifecycle-process:2.6.1] AndroidManifest.xml:31:17-49